<?xml version="1.0" encoding="UTF-8"?>
<!-- Generated by org.testng.reporters.JUnitXMLReporter -->
<testsuite ignored="0" hostname="DESKTOP-2VH7RQS" failures="0" tests="7" name="Default test" time="152.22" errors="0" timestamp="2023-09-20T18:14:15 IST">
  <testcase classname="com.worthPoint.testLayer.MyAccountTest" name="verifyEditProfileHeaders" time="5.462"/>
  <testcase classname="com.worthPoint.testLayer.MyAccountTest" name="verifyEditProfileRequiredfields" time="10.317"/>
  <testcase classname="com.worthPoint.testLayer.MyAccountTest" name="verifyEditProfileInvalidPhoneNumber" time="10.8"/>
  <testcase classname="com.worthPoint.testLayer.MyAccountTest" name="verifyEditProfileDataUpdatedSuccessfully" time="11.053"/>
  <testcase classname="com.worthPoint.testLayer.MyAccountTest" name="verifyEditProfileWhatDescribeYoutheBestDataUpdatedSuccessfully" time="8.811"/>
  <testcase classname="com.worthPoint.testLayer.MyAccountTest" name="verifyEditProfileBackButtonFunctionality" time="8.238"/>
  <testcase classname="com.worthPoint.testLayer.MyAccountTest" name="verifyLogoutFunctionality" time="5.836"/>
</testsuite> <!-- Default test -->
